<?xml version="1.0" encoding="UTF-8"?>
<testsuite xmlns:xsi="http://www.w3.org/2001/XMLSchema-instance" xsi:noNamespaceSchemaLocation="https://maven.apache.org/surefire/maven-surefire-plugin/xsd/surefire-test-report.xsd" name="io.github.mrkeith.AppTest" time="0.044" tests="1" errors="0" skipped="0" failures="0">
  <properties>
    <property name="java.specification.version" value="13"/>
    <property name="sun.cpu.isalist" value="amd64"/>
    <property name="sun.jnu.encoding" value="Cp1252"/>
    <property name="java.class.path" value="c:\Users\mrkei\OneDrive\Desktop\minecraft projects\mc server, 1.8.9\tetris battles\tetrisbattles\target\test-classes;c:\Users\mrkei\OneDrive\Desktop\minecraft projects\mc server, 1.8.9\tetris battles\tetrisbattles\target\classes;C:\Users\mrkei\.m2\repository\junit\junit\4.11\junit-4.11.jar;C:\Users\mrkei\.m2\repository\org\hamcrest\hamcrest-core\1.3\hamcrest-core-1.3.jar;C:\Users\mrkei\.m2\repository\org\spigotmc\spigot-api\1.8.8-R0.1-SNAPSHOT\spigot-api-1.8.8-R0.1-SNAPSHOT.jar;C:\Users\mrkei\.m2\repository\commons-lang\commons-lang\2.6\commons-lang-2.6.jar;C:\Users\mrkei\.m2\repository\com\googlecode\json-simple\json-simple\1.1.1\json-simple-1.1.1.jar;C:\Users\mrkei\.m2\repository\com\google\guava\guava\17.0\guava-17.0.jar;C:\Users\mrkei\.m2\repository\com\google\code\gson\gson\2.2.4\gson-2.2.4.jar;C:\Users\mrkei\.m2\repository\org\avaje\ebean\2.8.1\ebean-2.8.1.jar;C:\Users\mrkei\.m2\repository\javax\persistence\persistence-api\1.0\persistence-api-1.0.jar;C:\Users\mrkei\.m2\repository\org\yaml\snakeyaml\1.15\snakeyaml-1.15.jar;C:\Users\mrkei\.m2\repository\net\md-5\bungeecord-chat\1.8-SNAPSHOT\bungeecord-chat-1.8-SNAPSHOT.jar;"/>
    <property name="java.vm.vendor" value="Oracle Corporation"/>
    <property name="sun.arch.data.model" value="64"/>
    <property name="user.variant" value=""/>
    <property name="java.vendor.url" value="https://java.oracle.com/"/>
    <property name="user.timezone" value="America/Los_Angeles"/>
    <property name="os.name" value="Windows 10"/>
    <property name="java.vm.specification.version" value="13"/>
    <property name="sun.java.launcher" value="SUN_STANDARD"/>
    <property name="user.country" value="US"/>
    <property name="sun.boot.library.path" value="C:\Java\jdk-13.0.2\bin"/>
    <property name="sun.java.command" value="C:\Users\mrkei\AppData\Local\Temp\surefire16181307250266559659\surefirebooter4789298581397833225.jar C:\Users\mrkei\AppData\Local\Temp\surefire16181307250266559659 2020-05-14T00-48-09_396-jvmRun1 surefire9509898343665867001tmp surefire_015300900132701693979tmp"/>
    <property name="jdk.debug" value="release"/>
    <property name="surefire.test.class.path" value="c:\Users\mrkei\OneDrive\Desktop\minecraft projects\mc server, 1.8.9\tetris battles\tetrisbattles\target\test-classes;c:\Users\mrkei\OneDrive\Desktop\minecraft projects\mc server, 1.8.9\tetris battles\tetrisbattles\target\classes;C:\Users\mrkei\.m2\repository\junit\junit\4.11\junit-4.11.jar;C:\Users\mrkei\.m2\repository\org\hamcrest\hamcrest-core\1.3\hamcrest-core-1.3.jar;C:\Users\mrkei\.m2\repository\org\spigotmc\spigot-api\1.8.8-R0.1-SNAPSHOT\spigot-api-1.8.8-R0.1-SNAPSHOT.jar;C:\Users\mrkei\.m2\repository\commons-lang\commons-lang\2.6\commons-lang-2.6.jar;C:\Users\mrkei\.m2\repository\com\googlecode\json-simple\json-simple\1.1.1\json-simple-1.1.1.jar;C:\Users\mrkei\.m2\repository\com\google\guava\guava\17.0\guava-17.0.jar;C:\Users\mrkei\.m2\repository\com\google\code\gson\gson\2.2.4\gson-2.2.4.jar;C:\Users\mrkei\.m2\repository\org\avaje\ebean\2.8.1\ebean-2.8.1.jar;C:\Users\mrkei\.m2\repository\javax\persistence\persistence-api\1.0\persistence-api-1.0.jar;C:\Users\mrkei\.m2\repository\org\yaml\snakeyaml\1.15\snakeyaml-1.15.jar;C:\Users\mrkei\.m2\repository\net\md-5\bungeecord-chat\1.8-SNAPSHOT\bungeecord-chat-1.8-SNAPSHOT.jar;"/>
    <property name="sun.cpu.endian" value="little"/>
    <property name="user.home" value="C:\Users\mrkei"/>
    <property name="user.language" value="en"/>
    <property name="java.specification.vendor" value="Oracle Corporation"/>
    <property name="java.version.date" value="2020-01-14"/>
    <property name="java.home" value="C:\Java\jdk-13.0.2"/>
    <property name="file.separator" value="\"/>
    <property name="basedir" value="c:\Users\mrkei\OneDrive\Desktop\minecraft projects\mc server, 1.8.9\tetris battles\tetrisbattles"/>
    <property name="java.vm.compressedOopsMode" value="Zero based"/>
    <property name="line.separator" value="&#10;"/>
    <property name="java.vm.specification.vendor" value="Oracle Corporation"/>
    <property name="java.specification.name" value="Java Platform API Specification"/>
    <property name="surefire.real.class.path" value="C:\Users\mrkei\AppData\Local\Temp\surefire16181307250266559659\surefirebooter4789298581397833225.jar"/>
    <property name="user.script" value=""/>
    <property name="sun.management.compiler" value="HotSpot 64-Bit Tiered Compilers"/>
    <property name="java.runtime.version" value="13.0.2+8"/>
    <property name="user.name" value="mrkei"/>
    <property name="path.separator" value=";"/>
    <property name="os.version" value="10.0"/>
    <property name="java.runtime.name" value="OpenJDK Runtime Environment"/>
    <property name="file.encoding" value="Cp1252"/>
    <property name="java.vm.name" value="OpenJDK 64-Bit Server VM"/>
    <property name="localRepository" value="C:\Users\mrkei\.m2\repository"/>
    <property name="java.vendor.url.bug" value="https://bugreport.java.com/bugreport/"/>
    <property name="java.io.tmpdir" value="C:\Users\mrkei\AppData\Local\Temp\"/>
    <property name="java.version" value="13.0.2"/>
    <property name="user.dir" value="c:\Users\mrkei\OneDrive\Desktop\minecraft projects\mc server, 1.8.9\tetris battles\tetrisbattles"/>
    <property name="os.arch" value="amd64"/>
    <property name="java.vm.specification.name" value="Java Virtual Machine Specification"/>
    <property name="sun.os.patch.level" value=""/>
    <property name="java.library.path" value="C:\Java\jdk-13.0.2\bin;C:\WINDOWS\Sun\Java\bin;C:\WINDOWS\system32;C:\WINDOWS;C:\Program Files (x86)\Razer\ChromaBroadcast\bin;C:\Program Files\Razer\ChromaBroadcast\bin;C:\Program Files (x86)\Common Files\Oracle\Java\javapath;C:\Program Files (x86)\Razer Chroma SDK\bin;C:\Program Files\Razer Chroma SDK\bin;C:\Windows\system32;C:\Windows;C:\Windows\System32\Wbem;C:\Windows\System32\WindowsPowerShell\v1.0\;C:\Windows\System32\OpenSSH\;C:\Windows\system32\config\systemprofile\AppData\Local\Microsoft\WindowsApps;C:\Users\mrkei\AppData\Local\Microsoft\WindowsApps;C:\Users\mrkei\AppData\Local\Programs\Microsoft VS Code\bin;C:\cygwin64\bin;C:\Program Files\Git\cmd;C:\Program Files\nodejs\;C:\Program Files\Microsoft SQL Server\130\Tools\Binn\;%SystemRoot%\system32;%SystemRoot%;%SystemRoot%\System32\Wbem;%SYSTEMROOT%\System32\WindowsPowerShell\v1.0\;%SYSTEMROOT%\System32\OpenSSH\;C:\Users\mrkei\AppData\Local\Microsoft\WindowsApps;C:\Users\mrkei\AppData\Local\Programs\Microsoft VS Code\bin;C:\cygwin64\bin;;C:\Program Files\JetBrains\IntelliJ IDEA Community Edition 2019.2\bin;;C:\Users\mrkei\AppData\Roaming\npm;."/>
    <property name="java.vm.info" value="mixed mode, sharing"/>
    <property name="java.vendor" value="Oracle Corporation"/>
    <property name="java.vm.version" value="13.0.2+8"/>
    <property name="sun.io.unicode.encoding" value="UnicodeLittle"/>
    <property name="java.class.version" value="57.0"/>
  </properties>
  <testcase name="shouldAnswerWithTrue" classname="io.github.mrkeith.AppTest" time="0.002"/>
</testsuite>